-------------------------------------------------------------------------------
Test set: TestSuite
-------------------------------------------------------------------------------
Tests run: 3, Failures: 1, Errors: 0, Skipped: 0, Time elapsed: 15.113 s <<< FAILURE! - in TestSuite
mavenprojectpack.Example2.testToFail  Time elapsed: 0.001 s  <<< FAILURE!
java.lang.AssertionError: failed assert condition expected:<Mitra> but was:<mitra>
	at mavenprojectpack.Example2.testToFail(Example2.java:17)

