<?xml version="1.0" encoding="UTF-8"?>
<testng-results skipped="0" failed="0" total="2" passed="2">
  <reporter-output>
  </reporter-output>
  <suite name="Default suite" duration-ms="57" started-at="2020-09-10T11:36:21Z" finished-at="2020-09-10T11:36:21Z">
    <groups>
    </groups>
    <test name="Default test" duration-ms="57" started-at="2020-09-10T11:36:21Z" finished-at="2020-09-10T11:36:21Z">
      <class name="mavenprojectpack.Example2">
        <test-method status="PASS" signature="testclasstwomaven()" name="testclasstwomaven" duration-ms="21" started-at="2020-09-10T11:36:21Z" finished-at="2020-09-10T11:36:21Z">
        </test-method>
        <test-method status="PASS" signature="testtoFail()" name="testtoFail" duration-ms="7" started-at="2020-09-10T11:36:21Z" finished-at="2020-09-10T11:36:21Z">
        </test-method>
      </class>
    </test>
  </suite>
</testng-results>
